<?xml version="1.0" encoding="utf-8"?><testsuites name="pytest tests"><testsuite name="pytest" errors="0" failures="0" skipped="0" tests="13" time="0.835" timestamp="2025-06-27T11:11:11.878986+02:00" hostname="DESKTOP-5M3OT6N"><testcase classname="tests.test_models.TestUser" name="test_user_creation" time="0.050" /><testcase classname="tests.test_models.TestUser" name="test_user_repr" time="0.001" /><testcase classname="tests.test_models.TestSubreddit" name="test_subreddit_creation" time="0.007" /><testcase classname="tests.test_models.TestSubreddit" name="test_subreddit_repr" time="0.001" /><testcase classname="tests.test_models.TestPost" name="test_post_creation" time="0.012" /><testcase classname="tests.test_models.TestPost" name="test_post_relationships" time="0.008" /><testcase classname="tests.test_models.TestComment" name="test_comment_creation" time="0.012" /><testcase classname="tests.test_models.TestComment" name="test_comment_relationships" time="0.009" /><testcase classname="tests.test_reddit_client.TestRedditClient" name="test_client_initialization" time="0.005" /><testcase classname="tests.test_reddit_client.TestRedditClient" name="test_get_subreddit_info" time="0.001" /><testcase classname="tests.test_reddit_client.TestRedditClient" name="test_get_subreddit_posts" time="0.002" /><testcase classname="tests.test_reddit_client.TestRedditClient" name="test_test_connection" time="0.001" /><testcase classname="tests.test_reddit_client.TestRedditClient" name="test_authentication_failure" time="0.002" /></testsuite></testsuites>
